Connecting to host 192.168.50.12, port 5201
[  5] local 192.168.50.1 port 56259 connected to 192.168.50.12 port 5201
[ ID] Interval           Transfer     Bitrate         Total Datagrams
[  5]   0.00-10.00  sec  1.19 MBytes  1.00 Mbits/sec  864  
[  5]  10.00-20.00  sec  1.19 MBytes  1000 Kbits/sec  863  
[  5]  20.00-30.00  sec  1.19 MBytes  1000 Kbits/sec  863  
[  5]  30.00-40.00  sec  1.19 MBytes  1000 Kbits/sec  863  
[  5]  40.00-50.00  sec  1.19 MBytes  1.00 Mbits/sec  864  
[  5]  50.00-60.00  sec  1.19 MBytes  1000 Kbits/sec  863  
[  5]  60.00-70.00  sec  1.19 MBytes  1000 Kbits/sec  863  
[  5]  70.00-80.00  sec  1.19 MBytes  1000 Kbits/sec  863  
[  5]  80.00-90.00  sec  1.19 MBytes  1.00 Mbits/sec  864  
[  5]  90.00-100.00 sec  1.19 MBytes  1000 Kbits/sec  863  
[  5] 100.00-110.00 sec  1.19 MBytes  1000 Kbits/sec  863  
[  5] 110.00-120.00 sec  1.19 MBytes  1.00 Mbits/sec  864  
[  5] 120.00-130.00 sec  1.19 MBytes  1000 Kbits/sec  863  
[  5] 130.00-140.00 sec  1.19 MBytes  1000 Kbits/sec  863  
[  5] 140.00-150.00 sec  1.19 MBytes  1000 Kbits/sec  863  
[  5] 150.00-160.00 sec  1.19 MBytes  1.00 Mbits/sec  864  
[  5] 160.00-170.00 sec  1.19 MBytes  1000 Kbits/sec  863  
[  5] 170.00-180.00 sec  1.19 MBytes  1000 Kbits/sec  863  
[  5] 180.00-190.00 sec  1.19 MBytes  1000 Kbits/sec  863  
[  5] 190.00-200.00 sec  1.19 MBytes  1.00 Mbits/sec  864  
[  5] 200.00-210.00 sec  1.19 MBytes  1000 Kbits/sec  863  
[  5] 210.00-220.00 sec  1.19 MBytes  1000 Kbits/sec  863  
[  5] 220.00-230.00 sec  1.19 MBytes  1000 Kbits/sec  863  
[  5] 230.00-240.00 sec  1.19 MBytes  1.00 Mbits/sec  864  
[  5] 240.00-250.00 sec  1.19 MBytes  1000 Kbits/sec  863  
[  5] 250.00-260.00 sec  1.19 MBytes  1000 Kbits/sec  863  
[  5] 260.00-270.00 sec  1.19 MBytes  1000 Kbits/sec  863  
[  5] 270.00-280.00 sec  1.19 MBytes  1.00 Mbits/sec  864  
[  5] 280.00-282.37 sec   288 KBytes   997 Kbits/sec  204  
- - - - - - - - - - - - - - - - - - - - - - - - -
[ ID] Interval           Transfer     Bitrate         Jitter    Lost/Total Datagrams
[  5]   0.00-282.37 sec  33.7 MBytes  1.00 Mbits/sec  0.000 ms  0/24376 (0%)  sender
[  5]   0.00-282.37 sec  0.00 Bytes  0.00 bits/sec  0.000 ms  0/0 (0%)  receiver
